  Lab#2.cpp
  Lab#3.cpp
  Generando código...
Lab#3.obj : error LNK2005: ya se definió _main en Lab#2.obj
LINK : warning LNK4098: la biblioteca predeterminada'LIBCMT' entra en conflicto con otras bibliotecas; use la biblioteca /NODEFAULTLIB:biblioteca
Lab#2.obj : error LNK2019: símbolo externo _glfwInit sin resolver al que se hace referencia en la función _main
Lab#3.obj : error LNK2001: símbolo externo _glfwInit sin resolver
Lab#2.obj : error LNK2019: símbolo externo _glfwTerminate sin resolver al que se hace referencia en la función _main
Lab#3.obj : error LNK2001: símbolo externo _glfwTerminate sin resolver
Lab#2.obj : error LNK2019: símbolo externo _glfwCreateWindow sin resolver al que se hace referencia en la función _main
Lab#3.obj : error LNK2001: símbolo externo _glfwCreateWindow sin resolver
Lab#2.obj : error LNK2019: símbolo externo _glfwWindowShouldClose sin resolver al que se hace referencia en la función _main
Lab#3.obj : error LNK2001: símbolo externo _glfwWindowShouldClose sin resolver
Lab#2.obj : error LNK2019: símbolo externo _glfwPollEvents sin resolver al que se hace referencia en la función _main
Lab#3.obj : error LNK2001: símbolo externo _glfwPollEvents sin resolver
Lab#2.obj : error LNK2019: símbolo externo _glfwMakeContextCurrent sin resolver al que se hace referencia en la función _main
Lab#3.obj : error LNK2001: símbolo externo _glfwMakeContextCurrent sin resolver
Lab#2.obj : error LNK2019: símbolo externo _glfwSwapBuffers sin resolver al que se hace referencia en la función _main
Lab#3.obj : error LNK2001: símbolo externo _glfwSwapBuffers sin resolver
C:\Users\mf226\Downloads\PGproject\Dependencies\GLFW\lib-vc2022\glfw3.lib : warning LNK4272: el tipo de máquina de biblioteca 'x64' está en conflicto con el tipo de máquina de destino 'x86'
C:\Users\mf226\Downloads\PGproject\Debug\PGproject.exe : fatal error LNK1120: 7 externos sin resolver
